mode: set
chandao-mini/backend/core/errors/errors.go:46.35,47.18 1 1
chandao-mini/backend/core/errors/errors.go:47.18,49.3 1 1
chandao-mini/backend/core/errors/errors.go:50.2,50.50 1 1
chandao-mini/backend/core/errors/errors.go:54.35,56.2 1 1
chandao-mini/backend/core/errors/errors.go:59.37,60.9 1 1
chandao-mini/backend/core/errors/errors.go:61.41,62.23 1 1
chandao-mini/backend/core/errors/errors.go:63.41,64.31 1 1
chandao-mini/backend/core/errors/errors.go:65.41,66.33 1 1
chandao-mini/backend/core/errors/errors.go:67.41,68.30 1 1
chandao-mini/backend/core/errors/errors.go:69.41,70.29 1 1
chandao-mini/backend/core/errors/errors.go:71.41,72.37 1 1
chandao-mini/backend/core/errors/errors.go:73.23,74.40 1 1
chandao-mini/backend/core/errors/errors.go:75.10,76.40 1 0
chandao-mini/backend/core/errors/errors.go:81.52,86.2 1 1
chandao-mini/backend/core/errors/errors.go:89.64,96.2 1 1
chandao-mini/backend/core/errors/errors.go:99.91,106.2 1 1
chandao-mini/backend/core/errors/errors.go:109.46,111.2 1 1
chandao-mini/backend/core/errors/errors.go:114.50,116.2 1 1
chandao-mini/backend/core/errors/errors.go:119.50,121.2 1 1
chandao-mini/backend/core/errors/errors.go:124.44,126.2 1 1
chandao-mini/backend/core/errors/errors.go:129.45,131.2 1 1
chandao-mini/backend/core/errors/errors.go:134.60,136.2 1 1
chandao-mini/backend/core/errors/errors.go:139.57,141.2 1 1
chandao-mini/backend/core/errors/errors.go:144.59,146.2 1 1
chandao-mini/backend/core/errors/errors.go:149.33,152.2 2 1
chandao-mini/backend/core/errors/errors.go:155.39,156.39 1 1
chandao-mini/backend/core/errors/errors.go:156.39,158.3 1 1
chandao-mini/backend/core/errors/errors.go:159.2,159.62 1 1
chandao-mini/backend/core/errors/middleware.go:16.43,17.30 1 0
chandao-mini/backend/core/errors/middleware.go:17.30,18.16 1 0
chandao-mini/backend/core/errors/middleware.go:18.16,19.36 1 0
chandao-mini/backend/core/errors/middleware.go:19.36,38.5 5 0
chandao-mini/backend/core/errors/middleware.go:40.3,40.11 1 0
chandao-mini/backend/core/errors/middleware.go:46.47,47.30 1 0
chandao-mini/backend/core/errors/middleware.go:47.30,51.24 2 0
chandao-mini/backend/core/errors/middleware.go:51.24,55.4 3 0
chandao-mini/backend/core/errors/middleware.go:61.48,62.30 1 0
chandao-mini/backend/core/errors/middleware.go:62.30,82.24 8 0
chandao-mini/backend/core/errors/middleware.go:82.24,83.33 1 0
chandao-mini/backend/core/errors/middleware.go:83.33,85.5 1 0
chandao-mini/backend/core/errors/middleware.go:92.47,110.38 5 0
chandao-mini/backend/core/errors/middleware.go:110.38,112.3 1 0
chandao-mini/backend/core/errors/middleware.go:114.2,114.14 1 0
chandao-mini/backend/core/errors/middleware.go:119.39,120.30 1 0
chandao-mini/backend/core/errors/middleware.go:120.30,128.27 3 0
chandao-mini/backend/core/errors/middleware.go:128.27,131.4 1 0
chandao-mini/backend/core/errors/middleware.go:131.9,135.42 3 0
chandao-mini/backend/core/errors/middleware.go:135.42,137.32 2 0
chandao-mini/backend/core/errors/middleware.go:137.32,140.11 3 0
chandao-mini/backend/core/errors/middleware.go:145.4,145.32 1 0
chandao-mini/backend/core/errors/middleware.go:145.32,147.5 1 0
chandao-mini/backend/core/errors/middleware.go:150.3,154.36 4 0
chandao-mini/backend/core/errors/middleware.go:154.36,157.4 2 0
chandao-mini/backend/core/errors/middleware.go:159.3,159.11 1 0
chandao-mini/backend/core/errors/rate_limit.go:36.47,39.67 2 0
chandao-mini/backend/core/errors/rate_limit.go:39.67,40.59 1 0
chandao-mini/backend/core/errors/rate_limit.go:40.59,42.4 1 0
chandao-mini/backend/core/errors/rate_limit.go:45.2,46.70 2 0
chandao-mini/backend/core/errors/rate_limit.go:46.70,47.59 1 0
chandao-mini/backend/core/errors/rate_limit.go:47.59,49.4 1 0
chandao-mini/backend/core/errors/rate_limit.go:52.2,56.3 1 0
chandao-mini/backend/core/errors/rate_limit.go:60.58,70.2 3 0
chandao-mini/backend/core/errors/rate_limit.go:73.38,77.21 3 0
chandao-mini/backend/core/errors/rate_limit.go:77.21,80.37 3 0
chandao-mini/backend/core/errors/rate_limit.go:80.37,82.33 1 0
chandao-mini/backend/core/errors/rate_limit.go:82.33,84.5 1 0
chandao-mini/backend/core/errors/rate_limit.go:86.3,86.17 1 0
chandao-mini/backend/core/errors/rate_limit.go:91.64,98.13 5 0
chandao-mini/backend/core/errors/rate_limit.go:98.13,106.3 2 0
chandao-mini/backend/core/errors/rate_limit.go:109.2,109.18 1 0
chandao-mini/backend/core/errors/rate_limit.go:109.18,110.33 1 0
chandao-mini/backend/core/errors/rate_limit.go:110.33,113.4 1 0
chandao-mini/backend/core/errors/rate_limit.go:115.3,117.44 3 0
chandao-mini/backend/core/errors/rate_limit.go:121.2,121.31 1 0
chandao-mini/backend/core/errors/rate_limit.go:121.31,124.3 2 0
chandao-mini/backend/core/errors/rate_limit.go:127.2,127.47 1 0
chandao-mini/backend/core/errors/rate_limit.go:127.47,133.3 4 0
chandao-mini/backend/core/errors/rate_limit.go:136.2,138.40 3 0
chandao-mini/backend/core/errors/rate_limit.go:142.44,149.30 4 0
chandao-mini/backend/core/errors/rate_limit.go:149.30,160.15 6 0
chandao-mini/backend/core/errors/rate_limit.go:160.15,172.4 4 0
chandao-mini/backend/core/errors/rate_limit.go:174.3,174.11 1 0
chandao-mini/backend/core/errors/rate_limit.go:179.76,185.30 3 0
chandao-mini/backend/core/errors/rate_limit.go:185.30,196.15 6 0
chandao-mini/backend/core/errors/rate_limit.go:196.15,208.4 4 0
chandao-mini/backend/core/errors/rate_limit.go:210.3,210.11 1 0
chandao-mini/backend/core/errors/response.go:17.48,23.2 1 0
chandao-mini/backend/core/errors/response.go:26.75,32.2 1 0
chandao-mini/backend/core/errors/response.go:35.39,45.2 2 0
chandao-mini/backend/core/errors/response.go:48.68,55.2 2 0
chandao-mini/backend/core/errors/response.go:58.49,60.2 1 0
chandao-mini/backend/core/errors/response.go:63.53,65.2 1 0
chandao-mini/backend/core/errors/response.go:68.53,70.2 1 0
chandao-mini/backend/core/errors/response.go:73.48,75.2 1 0
chandao-mini/backend/core/errors/response.go:78.52,80.2 1 0
chandao-mini/backend/core/errors/response.go:91.81,98.2 1 0
chandao-mini/backend/core/utils/converter.go:15.77,16.23 1 0
chandao-mini/backend/core/utils/converter.go:16.23,18.3 1 0
chandao-mini/backend/core/utils/converter.go:20.2,21.33 2 0
chandao-mini/backend/core/utils/converter.go:21.33,23.3 1 0
chandao-mini/backend/core/utils/converter.go:24.2,24.15 1 0
chandao-mini/backend/core/utils/converter.go:28.79,29.23 1 0
chandao-mini/backend/core/utils/converter.go:29.23,31.3 1 0
chandao-mini/backend/core/utils/converter.go:33.2,34.33 2 0
chandao-mini/backend/core/utils/converter.go:34.33,36.3 1 0
chandao-mini/backend/core/utils/converter.go:37.2,37.15 1 0
chandao-mini/backend/core/utils/converter.go:44.62,78.2 1 0
chandao-mini/backend/core/utils/converter.go:81.53,84.2 2 0
chandao-mini/backend/core/utils/converter.go:90.65,114.2 1 0
chandao-mini/backend/core/utils/converter.go:117.56,120.2 2 0
chandao-mini/backend/core/utils/converter.go:126.68,150.2 1 0
chandao-mini/backend/core/utils/converter.go:153.60,156.2 2 0
chandao-mini/backend/core/utils/converter.go:162.74,171.2 1 0
chandao-mini/backend/core/utils/converter.go:174.65,177.2 2 0
chandao-mini/backend/core/utils/converter.go:183.74,196.2 1 0
chandao-mini/backend/core/utils/converter.go:199.65,202.2 2 0
chandao-mini/backend/core/utils/converter.go:208.80,219.2 1 0
chandao-mini/backend/core/utils/converter.go:222.71,225.2 2 0
chandao-mini/backend/core/utils/filter.go:11.61,12.21 1 1
chandao-mini/backend/core/utils/filter.go:12.21,14.3 1 1
chandao-mini/backend/core/utils/filter.go:16.2,17.29 2 1
chandao-mini/backend/core/utils/filter.go:17.29,18.23 1 1
chandao-mini/backend/core/utils/filter.go:18.23,20.4 1 1
chandao-mini/backend/core/utils/filter.go:22.2,22.15 1 1
chandao-mini/backend/core/utils/filter.go:27.101,28.38 1 1
chandao-mini/backend/core/utils/filter.go:28.38,30.3 1 1
chandao-mini/backend/core/utils/filter.go:32.2,32.41 1 1
chandao-mini/backend/core/utils/filter.go:32.41,34.17 2 1
chandao-mini/backend/core/utils/filter.go:34.17,36.4 1 1
chandao-mini/backend/core/utils/filter.go:39.3,39.21 1 1
chandao-mini/backend/core/utils/filter.go:39.21,41.4 1 1
chandao-mini/backend/core/utils/filter.go:43.3,43.42 1 1
chandao-mini/backend/core/utils/filter.go:43.42,45.4 1 1
chandao-mini/backend/core/utils/filter.go:46.3,46.38 1 1
chandao-mini/backend/core/utils/filter.go:46.38,48.4 1 1
chandao-mini/backend/core/utils/filter.go:50.3,50.14 1 1
chandao-mini/backend/core/utils/filter.go:55.98,56.24 1 1
chandao-mini/backend/core/utils/filter.go:56.24,58.3 1 1
chandao-mini/backend/core/utils/filter.go:60.2,60.41 1 1
chandao-mini/backend/core/utils/filter.go:60.41,63.3 2 1
chandao-mini/backend/core/utils/filter.go:68.125,69.24 1 0
chandao-mini/backend/core/utils/filter.go:69.24,71.3 1 0
chandao-mini/backend/core/utils/filter.go:72.2,72.66 1 0
chandao-mini/backend/core/utils/filter.go:76.89,77.41 1 1
chandao-mini/backend/core/utils/filter.go:77.41,79.3 1 1
chandao-mini/backend/core/utils/filter.go:84.97,86.19 2 0
chandao-mini/backend/core/utils/filter.go:86.19,88.3 1 0
chandao-mini/backend/core/utils/filter.go:89.2,89.50 1 0
chandao-mini/backend/core/utils/filter.go:93.92,94.17 1 1
chandao-mini/backend/core/utils/filter.go:94.17,96.3 1 1
chandao-mini/backend/core/utils/filter.go:98.2,98.41 1 1
chandao-mini/backend/core/utils/filter.go:98.41,100.3 1 1
chandao-mini/backend/core/utils/filter.go:107.51,108.21 1 1
chandao-mini/backend/core/utils/filter.go:108.21,110.3 1 1
chandao-mini/backend/core/utils/filter.go:112.2,115.37 3 1
chandao-mini/backend/core/utils/filter.go:115.37,116.40 1 1
chandao-mini/backend/core/utils/filter.go:116.40,117.36 1 1
chandao-mini/backend/core/utils/filter.go:117.36,119.5 1 1
chandao-mini/backend/core/utils/filter.go:123.2,123.15 1 1
chandao-mini/backend/core/utils/filter.go:127.76,128.39 1 0
chandao-mini/backend/core/utils/filter.go:128.39,130.3 1 0
chandao-mini/backend/core/utils/filter.go:134.67,135.39 1 0
chandao-mini/backend/core/utils/filter.go:135.39,137.3 1 0
chandao-mini/backend/core/utils/filter.go:141.72,142.39 1 1
chandao-mini/backend/core/utils/filter.go:142.39,144.3 1 1
chandao-mini/backend/core/utils/filter.go:153.54,155.2 1 1
chandao-mini/backend/core/utils/filter.go:158.76,161.2 2 1
chandao-mini/backend/core/utils/filter.go:164.111,167.2 2 1
chandao-mini/backend/core/utils/filter.go:170.113,173.2 2 0
chandao-mini/backend/core/utils/filter.go:176.87,179.2 2 0
chandao-mini/backend/core/utils/filter.go:182.102,185.2 2 0
chandao-mini/backend/core/utils/filter.go:188.66,191.2 2 0
chandao-mini/backend/core/utils/filter.go:194.82,197.2 2 1
chandao-mini/backend/core/utils/filter.go:200.69,203.2 2 1
chandao-mini/backend/core/utils/filter.go:206.40,208.2 1 1
chandao-mini/backend/core/utils/filter.go:211.39,213.2 1 1
chandao-mini/backend/core/utils/pagination.go:28.55,35.28 4 1
chandao-mini/backend/core/utils/pagination.go:35.28,37.3 1 1
chandao-mini/backend/core/utils/pagination.go:39.2,40.49 2 1
chandao-mini/backend/core/utils/pagination.go:40.49,42.3 1 1
chandao-mini/backend/core/utils/pagination.go:44.2,47.3 1 1
chandao-mini/backend/core/utils/pagination.go:51.76,53.29 2 1
chandao-mini/backend/core/utils/pagination.go:53.29,55.3 1 1
chandao-mini/backend/core/utils/pagination.go:56.2,56.15 1 1
chandao-mini/backend/core/utils/pagination.go:61.56,62.16 1 1
chandao-mini/backend/core/utils/pagination.go:62.16,64.3 1 1
chandao-mini/backend/core/utils/pagination.go:66.2,67.20 2 1
chandao-mini/backend/core/utils/pagination.go:67.20,69.3 1 1
chandao-mini/backend/core/utils/pagination.go:71.2,72.17 2 1
chandao-mini/backend/core/utils/pagination.go:72.17,74.3 1 1
chandao-mini/backend/core/utils/pagination.go:76.2,76.19 1 1
chandao-mini/backend/core/utils/pagination.go:81.59,85.20 3 1
chandao-mini/backend/core/utils/pagination.go:85.20,87.3 1 1
chandao-mini/backend/core/utils/pagination.go:89.2,89.25 1 1
chandao-mini/backend/core/utils/pagination.go:94.45,95.30 1 1
chandao-mini/backend/core/utils/pagination.go:95.30,99.3 3 1
chandao-mini/backend/core/utils/pagination.go:103.53,104.51 1 1
chandao-mini/backend/core/utils/pagination.go:104.51,106.3 1 1
chandao-mini/backend/core/utils/pagination.go:107.2,110.3 1 1
chandao-mini/backend/core/utils/pagination.go:115.67,117.20 2 0
chandao-mini/backend/core/utils/pagination.go:117.20,119.3 1 0
chandao-mini/backend/core/utils/pagination.go:121.2,122.16 2 0
chandao-mini/backend/core/utils/pagination.go:122.16,124.3 1 0
chandao-mini/backend/core/utils/pagination.go:126.2,126.19 1 0
chandao-mini/backend/core/utils/pagination.go:131.75,133.20 2 0
chandao-mini/backend/core/utils/pagination.go:133.20,135.3 1 0
chandao-mini/backend/core/utils/pagination.go:137.2,138.16 2 0
chandao-mini/backend/core/utils/pagination.go:138.16,140.3 1 0
chandao-mini/backend/core/utils/pagination.go:142.2,142.19 1 0
chandao-mini/backend/core/utils/pagination.go:147.95,149.20 2 0
chandao-mini/backend/core/utils/pagination.go:149.20,151.3 1 0
chandao-mini/backend/core/utils/pagination.go:153.2,154.16 2 0
chandao-mini/backend/core/utils/pagination.go:154.16,156.3 1 0
chandao-mini/backend/core/utils/pagination.go:158.2,158.19 1 0
